nohup: ignoring input
INFO:     Will watch for changes in these directories: ['/workspaces/vocation-tracker/backend']
INFO:     Loading environment from '.env'
INFO:     Uvicorn running on http://0.0.0.0:8000 (Press CTRL+C to quit)
INFO:     Started reloader process [4926] using WatchFiles
INFO:     Started server process [4939]
INFO:     Waiting for application startup.
INFO:     Application startup complete.
WARNING:  WatchFiles detected changes in 'app/api/v1/users_balance_stub.py'. Reloading...
INFO:     Shutting down
INFO:     Waiting for application shutdown.
INFO:     Application shutdown complete.
INFO:     Finished server process [4939]
WARNING:  WatchFiles detected changes in 'app/api/v1/users_balance_stub.py'. Reloading...
INFO:     Started server process [6326]
INFO:     Waiting for application startup.
INFO:     Application startup complete.
WARNING:  WatchFiles detected changes in 'app/api/v1/users.py'. Reloading...
INFO:     Shutting down
INFO:     Waiting for application shutdown.
INFO:     Application shutdown complete.
INFO:     Finished server process [6326]
INFO:     Started server process [6386]
INFO:     Waiting for application startup.
INFO:     Application startup complete.
WARNING:  WatchFiles detected changes in 'app/api/v1/requests.py'. Reloading...
INFO:     Shutting down
INFO:     Waiting for application shutdown.
INFO:     Application shutdown complete.
INFO:     Finished server process [6386]
INFO:     Started server process [7109]
INFO:     Waiting for application startup.
INFO:     Application startup complete.
WARNING:  WatchFiles detected changes in 'app/tests/test_main.py'. Reloading...
INFO:     Shutting down
INFO:     Waiting for application shutdown.
INFO:     Application shutdown complete.
INFO:     Finished server process [7109]
WARNING:  WatchFiles detected changes in 'app/tests/test_main.py'. Reloading...
INFO:     Started server process [13003]
INFO:     Waiting for application startup.
INFO:     Application startup complete.
INFO:     Shutting down
INFO:     Waiting for application shutdown.
INFO:     Application shutdown complete.
INFO:     Finished server process [13003]
INFO:     Stopping reloader process [4926]
